#
# There is insufficient memory for the Java Runtime Environment to continue.
# Native memory allocation (malloc) failed to allocate 1154576 bytes for Chunk::new
# Possible reasons:
#   The system is out of physical RAM or swap space
#   In 32 bit mode, the process size limit was hit
# Possible solutions:
#   Reduce memory load on the system
#   Increase physical memory or swap space
#   Check if swap backing store is full
#   Use 64 bit Java on a 64 bit OS
#   Decrease Java heap size (-Xmx/-Xms)
#   Decrease number of Java threads
#   Decrease Java thread stack sizes (-Xss)
#   Set larger code cache with -XX:ReservedCodeCacheSize=
# This output file may be truncated or incomplete.
#
#  Out of Memory Error (allocation.cpp:390), pid=9148, tid=0x0000000000000818
#
# JRE version: OpenJDK Runtime Environment (8.0_112-b06) (build 1.8.0_112-release-b06)
# Java VM: OpenJDK 64-Bit Server VM (25.112-b06 mixed mode windows-amd64 compressed oops)
# Failed to write core dump. Minidumps are not enabled by default on client versions of Windows
#

---------------  T H R E A D  ---------------

Current thread (0x0000000016f69800):  JavaThread "C2 CompilerThread0" daemon [_thread_in_native, id=2072, stack(0x0000000018860000,0x0000000018960000)]

Stack: [0x0000000018860000,0x0000000018960000]
[error occurred during error reporting (printing stack bounds), id 0xc0000005]

Native frames: (J=compiled Java code, j=interpreted, Vv=VM code, C=native code)


Current CompileTask:
C2:2191839 14081       4       java.io.WinNTFileSystem::canonicalize (372 bytes)


---------------  P R O C E S S  ---------------

Java Threads: ( => current thread )
  0x000000001e3cd000 JavaThread "pool-10-thread-1" [_thread_in_native, id=9184, stack(0x0000000026b10000,0x0000000026c10000)]
  0x000000001e3db800 JavaThread "pool-6-thread-4" [_thread_blocked, id=5908, stack(0x0000000026a10000,0x0000000026b10000)]
  0x000000001e3d7800 JavaThread "pool-6-thread-3" [_thread_in_native, id=2704, stack(0x0000000026910000,0x0000000026a10000)]
  0x000000001e3d8800 JavaThread "pool-6-thread-2" [_thread_in_native, id=8700, stack(0x0000000026810000,0x0000000026910000)]
  0x000000001e3cf000 JavaThread "pool-6-thread-1" [_thread_in_native, id=4944, stack(0x0000000026110000,0x0000000026210000)]
  0x000000001e3d3800 JavaThread "Cache update executor" [_thread_blocked, id=676, stack(0x0000000026010000,0x0000000026110000)]
  0x000000001e3cc000 JavaThread "Stdin handler" [_thread_blocked, id=428, stack(0x0000000025f10000,0x0000000026010000)]
  0x000000001e3d3000 JavaThread "Asynchronous log dispatcher for DefaultDaemonConnection: socket connection from /127.0.0.1:50793 to /127.0.0.1:51271" [_thread_blocked, id=5704, stack(0x0000000025e10000,0x0000000025f10000)]
  0x000000001e3d2000 JavaThread "Daemon worker Thread 2" [_thread_blocked, id=7896, stack(0x0000000025d10000,0x0000000025e10000)]
  0x000000001e3d0800 JavaThread "Cancel handler" [_thread_blocked, id=6560, stack(0x0000000025c10000,0x0000000025d10000)]
  0x000000001e3ce800 JavaThread "Handler for socket connection from /127.0.0.1:50793 to /127.0.0.1:51271" [_thread_in_native, id=3672, stack(0x0000000025b10000,0x0000000025c10000)]
  0x000000001e3d1800 JavaThread "Daemon Thread 2" [_thread_blocked, id=1960, stack(0x0000000025a10000,0x0000000025b10000)]
  0x000000001a692000 JavaThread "pool-2-thread-1" [_thread_blocked, id=7540, stack(0x0000000020ba0000,0x0000000020ca0000)]
  0x000000001ae9c000 JavaThread "File lock request listener" [_thread_in_native, id=7684, stack(0x000000001c640000,0x000000001c740000)]
  0x0000000019145000 JavaThread "pool-1-thread-1" [_thread_blocked, id=2148, stack(0x000000001c340000,0x000000001c440000)]
  0x00000000190f1000 JavaThread "Incoming local TCP Connector on port 50793" [_thread_in_native, id=7268, stack(0x000000001a530000,0x000000001a630000)]
  0x00000000182c5000 JavaThread "Service Thread" daemon [_thread_blocked, id=652, stack(0x0000000018b60000,0x0000000018c60000)]
  0x00000000182bb800 JavaThread "C1 CompilerThread2" daemon [_thread_blocked, id=3716, stack(0x0000000018a60000,0x0000000018b60000)]
  0x00000000182b9000 JavaThread "C2 CompilerThread1" daemon [_thread_blocked, id=8052, stack(0x0000000018960000,0x0000000018a60000)]
=>0x0000000016f69800 JavaThread "C2 CompilerThread0" daemon [_thread_in_native, id=2072, stack(0x0000000018860000,0x0000000018960000)]
  0x0000000018268800 JavaThread "Attach Listener" daemon [_thread_blocked, id=7840, stack(0x0000000018760000,0x0000000018860000)]
  0x0000000016f1f000 JavaThread "Signal Dispatcher" daemon [_thread_blocked, id=5104, stack(0x0000000018660000,0x0000000018760000)]
  0x0000000016ef8800 JavaThread "Finalizer" daemon [_thread_blocked, id=4148, stack(0x0000000018160000,0x0000000018260000)]
  0x0000000003591800 JavaThread "Reference Handler" daemon [_thread_blocked, id=1200, stack(0x0000000018060000,0x0000000018160000)]
  0x00000000034a0800 JavaThread "main" [_thread_blocked, id=6260, stack(0x00000000033a0000,0x00000000034a0000)]

Other Threads:
  0x0000000016ed5000 VMThread [stack: 0x0000000017f60000,0x0000000018060000] [id=416]
  0x00000000182c5800 WatcherThread [stack: 0x0000000018c60000,0x0000000018d60000] [id=8988]

VM state:not at safepoint (normal execution)

VM Mutex/Monitor currently owned by a thread: None

Heap:
 PSYoungGen      total 253952K, used 131324K [0x00000000e0000000, 0x00000000f2f00000, 0x0000000100000000)
  eden space 228864K, 54% used [0x00000000e0000000,0x00000000e794e6b8,0x00000000edf80000)
  from space 25088K, 28% used [0x00000000edf80000,0x00000000ee670a18,0x00000000ef800000)
  to   space 24576K, 0% used [0x00000000f1700000,0x00000000f1700000,0x00000000f2f00000)
 ParOldGen       total 97792K, used 59616K [0x00000000a0000000, 0x00000000a5f80000, 0x00000000e0000000)
  object space 97792K, 60% used [0x00000000a0000000,0x00000000a3a381b8,0x00000000a5f80000)
 Metaspace       used 74235K, capacity 77426K, committed 77696K, reserved 1116160K
  class space    used 9625K, capacity 10342K, committed 10368K, reserved 1048576K

Card table byte_map: [0x0000000012960000,0x0000000012c70000] byte_map_base: 0x0000000012460000

Marking Bits: (ParMarkBitMap*) 0x00000000662618f0
 Begin Bits: [0x0000000013270000, 0x0000000014a70000)
 End Bits:   [0x0000000014a70000, 0x0000000016270000)

Polling page: 0x0000000001390000

CodeCache: size=245760Kb used=41299Kb max_used=41373Kb free=204460Kb
 bounds [0x00000000035a0000, 0x0000000005e40000, 0x00000000125a0000]
 total_blobs=12695 nmethods=11868 adapters=739
 compilation: enabled

Compilation events (10 events):
Event: 2191.476 Thread 0x00000000182bb800 14088       3       com.google.common.reflect.Types::access$200 (6 bytes)
Event: 2191.476 Thread 0x00000000182bb800 nmethod 14088 0x000000000380e710 code [0x000000000380e880, 0x000000000380e9e8]
Event: 2191.477 Thread 0x00000000182bb800 14090       3       com.google.common.collect.SingletonImmutableBiMap::get (20 bytes)
Event: 2191.477 Thread 0x00000000182bb800 nmethod 14090 0x0000000004ff5b90 code [0x0000000004ff5d00, 0x0000000004ff5f88]
Event: 2191.477 Thread 0x00000000182bb800 14091       3       com.google.common.reflect.TypeResolver$TypeVariableKey::equals (23 bytes)
Event: 2191.477 Thread 0x00000000182bb800 nmethod 14091 0x0000000003f56b50 code [0x0000000003f56cc0, 0x0000000003f57088]
Event: 2191.477 Thread 0x00000000182bb800 14092       3       com.google.common.reflect.TypeResolver$TypeVariableKey::equalsTypeVariable (48 bytes)
Event: 2191.477 Thread 0x00000000182bb800 nmethod 14092 0x0000000005e36bd0 code [0x0000000005e36da0, 0x0000000005e37418]
Event: 2191.500 Thread 0x00000000182bb800 14094       3       com.google.common.reflect.TypeResolver$TypeTable::<init> (10 bytes)
Event: 2191.500 Thread 0x00000000182bb800 nmethod 14094 0x0000000004b96810 code [0x0000000004b96960, 0x0000000004b96b30]

GC Heap History (10 events):
Event: 61.472 GC heap before
{Heap before GC invocations=20 (full 3):
 PSYoungGen      total 183808K, used 162816K [0x00000000e0000000, 0x00000000ed280000, 0x0000000100000000)
  eden space 162816K, 100% used [0x00000000e0000000,0x00000000e9f00000,0x00000000e9f00000)
  from space 20992K, 0% used [0x00000000eb580000,0x00000000eb580000,0x00000000eca00000)
  to   space 23040K, 0% used [0x00000000e9f00000,0x00000000e9f00000,0x00000000eb580000)
 ParOldGen       total 97792K, used 45418K [0x00000000a0000000, 0x00000000a5f80000, 0x00000000e0000000)
  object space 97792K, 46% used [0x00000000a0000000,0x00000000a2c5aae0,0x00000000a5f80000)
 Metaspace       used 63460K, capacity 65930K, committed 66176K, reserved 1105920K
  class space    used 8430K, capacity 9034K, committed 9088K, reserved 1048576K
Event: 61.487 GC heap after
Heap after GC invocations=20 (full 3):
 PSYoungGen      total 185856K, used 18889K [0x00000000e0000000, 0x00000000efa00000, 0x0000000100000000)
  eden space 162816K, 0% used [0x00000000e0000000,0x00000000e0000000,0x00000000e9f00000)
  from space 23040K, 81% used [0x00000000e9f00000,0x00000000eb172580,0x00000000eb580000)
  to   space 25088K, 0% used [0x00000000ee180000,0x00000000ee180000,0x00000000efa00000)
 ParOldGen       total 97792K, used 45426K [0x00000000a0000000, 0x00000000a5f80000, 0x00000000e0000000)
  object space 97792K, 46% used [0x00000000a0000000,0x00000000a2c5cae0,0x00000000a5f80000)
 Metaspace       used 63460K, capacity 65930K, committed 66176K, reserved 1105920K
  class space    used 8430K, capacity 9034K, committed 9088K, reserved 1048576K
}
Event: 88.934 GC heap before
{Heap before GC invocations=21 (full 3):
 PSYoungGen      total 185856K, used 181705K [0x00000000e0000000, 0x00000000efa00000, 0x0000000100000000)
  eden space 162816K, 100% used [0x00000000e0000000,0x00000000e9f00000,0x00000000e9f00000)
  from space 23040K, 81% used [0x00000000e9f00000,0x00000000eb172580,0x00000000eb580000)
  to   space 25088K, 0% used [0x00000000ee180000,0x00000000ee180000,0x00000000efa00000)
 ParOldGen       total 97792K, used 45426K [0x00000000a0000000, 0x00000000a5f80000, 0x00000000e0000000)
  object space 97792K, 46% used [0x00000000a0000000,0x00000000a2c5cae0,0x00000000a5f80000)
 Metaspace       used 64310K, capacity 66820K, committed 66944K, reserved 1107968K
  class space    used 8479K, capacity 9069K, committed 9088K, reserved 1048576K
Event: 88.947 GC heap after
Heap after GC invocations=21 (full 3):
 PSYoungGen      total 222720K, used 2080K [0x00000000e0000000, 0x00000000ef600000, 0x0000000100000000)
  eden space 201728K, 0% used [0x00000000e0000000,0x00000000e0000000,0x00000000ec500000)
  from space 20992K, 9% used [0x00000000ee180000,0x00000000ee388000,0x00000000ef600000)
  to   space 25088K, 0% used [0x00000000ec500000,0x00000000ec500000,0x00000000edd80000)
 ParOldGen       total 97792K, used 54156K [0x00000000a0000000, 0x00000000a5f80000, 0x00000000e0000000)
  object space 97792K, 55% used [0x00000000a0000000,0x00000000a34e3118,0x00000000a5f80000)
 Metaspace       used 64310K, capacity 66820K, committed 66944K, reserved 1107968K
  class space    used 8479K, capacity 9069K, committed 9088K, reserved 1048576K
}
Event: 2166.429 GC heap before
{Heap before GC invocations=22 (full 3):
 PSYoungGen      total 222720K, used 203439K [0x00000000e0000000, 0x00000000ef600000, 0x0000000100000000)
  eden space 201728K, 99% used [0x00000000e0000000,0x00000000ec4a3c68,0x00000000ec500000)
  from space 20992K, 9% used [0x00000000ee180000,0x00000000ee388000,0x00000000ef600000)
  to   space 25088K, 0% used [0x00000000ec500000,0x00000000ec500000,0x00000000edd80000)
 ParOldGen       total 97792K, used 54156K [0x00000000a0000000, 0x00000000a5f80000, 0x00000000e0000000)
  object space 97792K, 55% used [0x00000000a0000000,0x00000000a34e3118,0x00000000a5f80000)
 Metaspace       used 66233K, capacity 69014K, committed 69248K, reserved 1110016K
  class space    used 8707K, capacity 9332K, committed 9344K, reserved 1048576K
Event: 2166.456 GC heap after
Heap after GC invocations=22 (full 3):
 PSYoungGen      total 226816K, used 17554K [0x00000000e0000000, 0x00000000f2200000, 0x0000000100000000)
  eden space 201728K, 0% used [0x00000000e0000000,0x00000000e0000000,0x00000000ec500000)
  from space 25088K, 69% used [0x00000000ec500000,0x00000000ed624898,0x00000000edd80000)
  to   space 26624K, 0% used [0x00000000f0800000,0x00000000f0800000,0x00000000f2200000)
 ParOldGen       total 97792K, used 54612K [0x00000000a0000000, 0x00000000a5f80000, 0x00000000e0000000)
  object space 97792K, 55% used [0x00000000a0000000,0x00000000a3555118,0x00000000a5f80000)
 Metaspace       used 66233K, capacity 69014K, committed 69248K, reserved 1110016K
  class space    used 8707K, capacity 9332K, committed 9344K, reserved 1048576K
}
Event: 2185.038 GC heap before
{Heap before GC invocations=23 (full 3):
 PSYoungGen      total 226816K, used 218269K [0x00000000e0000000, 0x00000000f2200000, 0x0000000100000000)
  eden space 201728K, 99% used [0x00000000e0000000,0x00000000ec402ef8,0x00000000ec500000)
  from space 25088K, 69% used [0x00000000ec500000,0x00000000ed624898,0x00000000edd80000)
  to   space 26624K, 0% used [0x00000000f0800000,0x00000000f0800000,0x00000000f2200000)
 ParOldGen       total 97792K, used 54612K [0x00000000a0000000, 0x00000000a5f80000, 0x00000000e0000000)
  object space 97792K, 55% used [0x00000000a0000000,0x00000000a3555118,0x00000000a5f80000)
 Metaspace       used 72892K, capacity 75894K, committed 76032K, reserved 1116160K
  class space    used 9494K, capacity 10162K, committed 10240K, reserved 1048576K
Event: 2185.050 GC heap after
Heap after GC invocations=23 (full 3):
 PSYoungGen      total 202240K, used 8623K [0x00000000e0000000, 0x00000000f1080000, 0x0000000100000000)
  eden space 193536K, 0% used [0x00000000e0000000,0x00000000e0000000,0x00000000ebd00000)
  from space 8704K, 99% used [0x00000000f0800000,0x00000000f106be50,0x00000000f1080000)
  to   space 25088K, 0% used [0x00000000edf80000,0x00000000edf80000,0x00000000ef800000)
 ParOldGen       total 97792K, used 59608K [0x00000000a0000000, 0x00000000a5f80000, 0x00000000e0000000)
  object space 97792K, 60% used [0x00000000a0000000,0x00000000a3a361b8,0x00000000a5f80000)
 Metaspace       used 72892K, capacity 75894K, committed 76032K, reserved 1116160K
  class space    used 9494K, capacity 10162K, committed 10240K, reserved 1048576K
}
Event: 2185.068 GC heap before
{Heap before GC invocations=24 (full 3):
 PSYoungGen      total 202240K, used 201712K [0x00000000e0000000, 0x00000000f1080000, 0x0000000100000000)
  eden space 193536K, 99% used [0x00000000e0000000,0x00000000ebc904d8,0x00000000ebd00000)
  from space 8704K, 99% used [0x00000000f0800000,0x00000000f106be50,0x00000000f1080000)
  to   space 25088K, 0% used [0x00000000edf80000,0x00000000edf80000,0x00000000ef800000)
 ParOldGen       total 97792K, used 59608K [0x00000000a0000000, 0x00000000a5f80000, 0x00000000e0000000)
  object space 97792K, 60% used [0x00000000a0000000,0x00000000a3a361b8,0x00000000a5f80000)
 Metaspace       used 72898K, capacity 75894K, committed 76032K, reserved 1116160K
  class space    used 9494K, capacity 10162K, committed 10240K, reserved 1048576K
Event: 2185.073 GC heap after
Heap after GC invocations=24 (full 3):
 PSYoungGen      total 253952K, used 7106K [0x00000000e0000000, 0x00000000f2f00000, 0x0000000100000000)
  eden space 228864K, 0% used [0x00000000e0000000,0x00000000e0000000,0x00000000edf80000)
  from space 25088K, 28% used [0x00000000edf80000,0x00000000ee670a18,0x00000000ef800000)
  to   space 24576K, 0% used [0x00000000f1700000,0x00000000f1700000,0x00000000f2f00000)
 ParOldGen       total 97792K, used 59616K [0x00000000a0000000, 0x00000000a5f80000, 0x00000000e0000000)
  object space 97792K, 60% used [0x00000000a0000000,0x00000000a3a381b8,0x00000000a5f80000)
 Metaspace       used 72898K, capacity 75894K, committed 76032K, reserved 1116160K
  class space    used 9494K, capacity 10162K, committed 10240K, reserved 1048576K
}

Deoptimization events (10 events):
Event: 2185.918 Thread 0x000000001e3d2000 Uncommon trap: reason=unstable_if action=reinterpret pc=0x0000000005b30e88 method=java.net.URI.needsNormalization(Ljava/lang/String;)I @ 149
Event: 2189.483 Thread 0x000000001e3d2000 Uncommon trap: reason=null_assert action=make_not_entrant pc=0x0000000003b3c1f0 method=java.util.zip.ZipEntry.<init>(Ljava/util/zip/ZipEntry;)V @ 70
Event: 2189.485 Thread 0x000000001e3d2000 Uncommon trap: reason=null_assert action=make_not_entrant pc=0x0000000003b2fa7c method=java.util.zip.ZipEntry.<init>(Ljava/util/zip/ZipEntry;)V @ 70
Event: 2189.485 Thread 0x000000001e3d2000 Uncommon trap: reason=unstable_if action=reinterpret pc=0x0000000005cdcfb8 method=org.objectweb.asm.ClassReader.readUTF8(I[C)Ljava/lang/String; @ 11
Event: 2189.485 Thread 0x000000001e3d2000 Uncommon trap: reason=unstable_if action=reinterpret pc=0x0000000005d61890 method=org.objectweb.asm.ClassReader.a(Lorg/objectweb/asm/ClassVisitor;Lorg/objectweb/asm/Context;I)I @ 90
Event: 2189.486 Thread 0x000000001e3d2000 Uncommon trap: reason=unstable_if action=reinterpret pc=0x0000000005d1b20c method=org.objectweb.asm.Type.a([CI)Lorg/objectweb/asm/Type; @ 181
Event: 2189.486 Thread 0x000000001e3d2000 Uncommon trap: reason=unstable_if action=reinterpret pc=0x0000000005ce293c method=org.objectweb.asm.Type.a([CI)Lorg/objectweb/asm/Type; @ 181
Event: 2189.486 Thread 0x000000001e3d2000 Uncommon trap: reason=null_assert action=make_not_entrant pc=0x0000000003a78184 method=java.util.zip.ZipEntry.<init>(Ljava/util/zip/ZipEntry;)V @ 70
Event: 2189.563 Thread 0x000000001e3d2000 Uncommon trap: reason=class_check action=maybe_recompile pc=0x0000000005d58dc8 method=org.objectweb.asm.ClassWriter.a(Ljava/lang/Object;)Lorg/objectweb/asm/Item; @ 177
Event: 2191.480 Thread 0x000000001e3db800 Uncommon trap: reason=unstable_if action=reinterpret pc=0x000000000503e5a4 method=jdk.internal.org.objectweb.asm.Item.isEqualTo(Ljdk/internal/org/objectweb/asm/Item;)Z @ 331

Internal exceptions (10 events):
Event: 2166.409 Thread 0x000000001e3d2000 Implicit null exception at 0x00000000053b0450 to 0x00000000053b0bd1
Event: 2166.409 Thread 0x000000001e3d2000 Implicit null exception at 0x000000000515c203 to 0x000000000515c3bd
Event: 2166.409 Thread 0x000000001e3d2000 Implicit null exception at 0x0000000003ed6f9e to 0x0000000003ed7121
Event: 2166.479 Thread 0x000000001e3d2000 Implicit null exception at 0x0000000004f16786 to 0x0000000004f16a5d
Event: 2167.547 Thread 0x000000001e3d2000 Implicit null exception at 0x00000000050b3508 to 0x00000000050b3bb5
Event: 2184.246 Thread 0x000000001e3d3800 Exception <a 'java/lang/NoSuchMethodError': <clinit>> (0x00000000e9225b78) thrown at [C:\src\android\AOSP-openjdk\external\jetbrains\jdk\hotspot\src\share\vm\prims\jni.cpp, line 1613]
Event: 2184.787 Thread 0x000000001e3d2000 Exception <a 'java/lang/NoSuchMethodError': java.lang.Object.lambda$asRunnable$0(Lcom/android/apkzlib/utils/IOExceptionRunnable;)V> (0x00000000ea633ab0) thrown at [C:\src\android\AOSP-openjdk\external\jetbrains\jdk\hotspot\src\share\vm\interpreter\linkResoéz‘b¡@
Event: 2191.511 Thread 0x000000001e3cf000 Exception <a 'sun/nio/fs/WindowsException'> (0x00000000e7669790) thrown at [C:\src\android\AOSP-openjdk\external\jetbrains\jdk\hotspot\src\share\vm\prims\jni.cpp, line 709]
Event: 2191.511 Thread 0x000000001e3d7800 Exception <a 'sun/nio/fs/WindowsException'> (0x00000000e78124d0) thrown at [C:\src\android\AOSP-openjdk\external\jetbrains\jdk\hotspot\src\share\vm\prims\jni.cpp, line 709]
Event: 2191.511 Thread 0x000000001e3d8800 Exception <a 'sun/nio/fs/WindowsException'> (0x00000000e76b0d80) thrown at [C:\src\android\AOSP-openjdk\external\jetbrains\jdk\hotspot\src\share\vm\prims\jni.cpp, line 709]

Events (10 events):
Event: 2191.564 loading class com/google/common/base/Predicate
Event: 2191.564 loading class com/google/common/base/Predicate done
Event: 2191.565 loading class com/android/dx/command/dexer/Main$Arguments$ArgumentsParser
Event: 2191.565 loading class com/android/dx/command/dexer/Main$Arguments$ArgumentsParser done
Event: 2191.565 loading class com/android/dx/command/dexer/Main$Arguments$OutputOptions
Event: 2191.565 loading class com/android/dx/command/dexer/Main$Arguments$OutputOptions done
Event: 2191.566 loading class com/android/dx/dex/cf/CfOptions
Event: 2191.566 loading class com/android/dx/dex/cf/CfOptions done
Event: 2191.566 loading class com/android/dx/dex/DexOptions
Event: 2191.566 loading class com/android/dx/dex/DexOptions done


Dynamic libraries:
0x00007ff717230000 - 0x00007ff717261000 	C:\Program Files\Android\Android Studio\jre\bin\java.exe
0x00007ff9ce400000 - 0x00007ff9ce5db000 	C:\WINDOWS\SYSTEM32\ntdll.dll
0x00007ff9cd310000 - 0x00007ff9cd3be000 	C:\WINDOWS\System32\KERNEL32.DLL
0x00007ff9cb4f0000 - 0x00007ff9cb739000 	C:\WINDOWS\System32\KERNELBASE.dll
0x00007ff9cbdc0000 - 0x00007ff9cbe61000 	C:\WINDOWS\System32\ADVAPI32.dll
0x00007ff9cba20000 - 0x00007ff9cbabd000 	C:\WINDOWS\System32\msvcrt.dll
0x00007ff9cd810000 - 0x00007ff9cd869000 	C:\WINDOWS\System32\sechost.dll
0x00007ff9cd870000 - 0x00007ff9cd995000 	C:\WINDOWS\System32\RPCRT4.dll
0x00007ff9cd690000 - 0x00007ff9cd7da000 	C:\WINDOWS\System32\USER32.dll
0x00007ff9cb070000 - 0x00007ff9cb08e000 	C:\WINDOWS\System32\win32u.dll
0x00007ff9cd7e0000 - 0x00007ff9cd807000 	C:\WINDOWS\System32\GDI32.dll
0x00007ff9cb090000 - 0x00007ff9cb218000 	C:\WINDOWS\System32\gdi32full.dll
0x00007ff9cb860000 - 0x00007ff9cb8fa000 	C:\WINDOWS\System32\msvcp_win.dll
0x00007ff9cb220000 - 0x00007ff9cb316000 	C:\WINDOWS\System32\ucrtbase.dll
0x00007ff9bfc50000 - 0x00007ff9bfeb7000 	C:\WINDOWS\WinSxS\amd64_microsoft.windows.common-controls_6595b64144ccf1df_6.0.15063.0_none_108e4f62dfe5d999\COMCTL32.dll
0x00007ff9cbac0000 - 0x00007ff9cbdb9000 	C:\WINDOWS\System32\combase.dll
0x00007ff9cb7f0000 - 0x00007ff9cb85a000 	C:\WINDOWS\System32\bcryptPrimitives.dll
0x00007ff9ce340000 - 0x00007ff9ce36d000 	C:\WINDOWS\System32\IMM32.DLL
0x00000000658e0000 - 0x00000000659b2000 	C:\Program Files\Android\Android Studio\jre\jre\bin\msvcr100.dll
0x0000000065aa0000 - 0x00000000662dc000 	C:\Program Files\Android\Android Studio\jre\jre\bin\server\jvm.dll
0x00007ff9ce370000 - 0x00007ff9ce378000 	C:\WINDOWS\System32\PSAPI.DLL
0x00007ff9c8060000 - 0x00007ff9c8083000 	C:\WINDOWS\SYSTEM32\WINMM.dll
0x00007ff9c4d00000 - 0x00007ff9c4d0a000 	C:\WINDOWS\SYSTEM32\VERSION.dll
0x00007ff9c7f00000 - 0x00007ff9c7f2b000 	C:\WINDOWS\SYSTEM32\winmmbase.dll
0x00007ff9cb020000 - 0x00007ff9cb069000 	C:\WINDOWS\System32\cfgmgr32.dll
0x00007ff9c54d0000 - 0x00007ff9c54d9000 	C:\WINDOWS\SYSTEM32\WSOCK32.dll
0x00007ff9ce2d0000 - 0x00007ff9ce33c000 	C:\WINDOWS\System32\WS2_32.dll
0x00007ff9c54c0000 - 0x00007ff9c54cf000 	C:\Program Files\Android\Android Studio\jre\jre\bin\verify.dll
0x00007ff9b98d0000 - 0x00007ff9b98f9000 	C:\Program Files\Android\Android Studio\jre\jre\bin\java.dll
0x00007ff9bfbf0000 - 0x00007ff9bfc06000 	C:\Program Files\Android\Android Studio\jre\jre\bin\zip.dll
0x00007ff9cbe70000 - 0x00007ff9cd2a7000 	C:\WINDOWS\System32\SHELL32.dll
0x00007ff9cb970000 - 0x00007ff9cba1a000 	C:\WINDOWS\System32\shcore.dll
0x00007ff9ca920000 - 0x00007ff9cb012000 	C:\WINDOWS\System32\windows.storage.dll
0x00007ff9ce270000 - 0x00007ff9ce2c1000 	C:\WINDOWS\System32\shlwapi.dll
0x00007ff9ca8c0000 - 0x00007ff9ca8d1000 	C:\WINDOWS\System32\kernel.appcore.dll
0x00007ff9ca870000 - 0x00007ff9ca8bc000 	C:\WINDOWS\System32\powrprof.dll
0x00007ff9ca8e0000 - 0x00007ff9ca8f5000 	C:\WINDOWS\System32\profapi.dll
0x00007ff9bf380000 - 0x00007ff9bf39a000 	C:\Program Files\Android\Android Studio\jre\jre\bin\net.dll
0x00007ff9ca120000 - 0x00007ff9ca17c000 	C:\WINDOWS\system32\mswsock.dll
0x00007ff9b9730000 - 0x00007ff9b9741000 	C:\Program Files\Android\Android Studio\jre\jre\bin\nio.dll
0x00007ff9bb330000 - 0x00007ff9bb34e000 	C:\Users\Ming\.gradle\native\23\windows-amd64\native-platform.dll
0x00007ff9ca2c0000 - 0x00007ff9ca2d7000 	C:\WINDOWS\SYSTEM32\CRYPTSP.dll
0x00007ff9c9d40000 - 0x00007ff9c9d74000 	C:\WINDOWS\system32\rsaenh.dll
0x00007ff9ca740000 - 0x00007ff9ca765000 	C:\WINDOWS\SYSTEM32\bcrypt.dll
0x00007ff9ca7a0000 - 0x00007ff9ca7c9000 	C:\WINDOWS\SYSTEM32\USERENV.dll
0x00007ff9ca2e0000 - 0x00007ff9ca2eb000 	C:\WINDOWS\SYSTEM32\CRYPTBASE.dll
0x00007ff9c9ec0000 - 0x00007ff9c9ef7000 	C:\WINDOWS\SYSTEM32\IPHLPAPI.DLL
0x00007ff9ce260000 - 0x00007ff9ce268000 	C:\WINDOWS\System32\NSI.dll
0x00007ff9c56c0000 - 0x00007ff9c56d6000 	C:\WINDOWS\SYSTEM32\dhcpcsvc6.DLL
0x00007ff9c5600000 - 0x00007ff9c561a000 	C:\WINDOWS\SYSTEM32\dhcpcsvc.DLL
0x00007ff9c37e0000 - 0x00007ff9c37ed000 	C:\Program Files\Android\Android Studio\jre\jre\bin\management.dll
0x00007ff9b56b0000 - 0x00007ff9b56d4000 	C:\Program Files\Android\Android Studio\jre\jre\bin\sunec.dll
0x00007ff9c9f10000 - 0x00007ff9c9fb4000 	C:\WINDOWS\SYSTEM32\DNSAPI.dll
0x00007ff9c4720000 - 0x00007ff9c472a000 	C:\Windows\System32\rasadhlp.dll
0x00007ff9c5220000 - 0x00007ff9c528b000 	C:\WINDOWS\System32\fwpuclnt.dll
0x00007ff9b7f90000 - 0x00007ff9b7f9b000 	C:\Program Files\Android\Android Studio\jre\jre\bin\sunmscapi.dll
0x00007ff9cb320000 - 0x00007ff9cb4e9000 	C:\WINDOWS\System32\CRYPT32.dll
0x00007ff9ca900000 - 0x00007ff9ca911000 	C:\WINDOWS\System32\MSASN1.dll

VM Arguments:
jvm_args: -Xmx1536m -Dfile.encoding=x-windows-950 -Duser.country=TW -Duser.language=zh -Duser.variant 
java_command: org.gradle.launcher.daemon.bootstrap.GradleDaemon 3.3
java_class_path (initial): C:\Users\Ming\.gradle\wrapper\dists\gradle-3.3-all\55gk2rcmfc6p2dg9u9ohc3hw9\gradle-3.3\lib\gradle-launcher-3.3.jar
Launcher Type: SUN_STANDARD

Environment Variables:
PATH=C:\ProgramData\Oracle\Java\javapath;C:\Python27\Lib\site-packages\PyQt4;C:\Windows\system32;C:\Windows;C:\Windows\System32\Wbem;C:\Windows\System32\WindowsPowerShell\v1.0\;C:\Program Files (x86)\NVIDIA Corporation\PhysX\Common;C:\Program Files (x86)\GtkSharp\2.12\bin;C:\Program Files\Microsoft SQL Server\130\Tools\Binn\;C:\Program Files (x86)\Windows Kits\10\Windows Performance Toolkit\;C:\Program Files\dotnet\;C:\Program Files (x86)\Microsoft SQL Server\110\DTS\Binn\;C:\Program Files (x86)\Microsoft SQL Server\120\DTS\Binn\;C:\Program Files (x86)\Microsoft SQL Server\130\DTS\Binn\;C:\Program Files\Microsoft\Web Platform Installer\;C:\Program Files (x86)\Skype\Phone\;C:\WINDOWS\system32;C:\WINDOWS;C:\WINDOWS\System32\Wbem;C:\WINDOWS\System32\WindowsPowerShell\v1.0\;C:\Python27;C:\Python27\DLLs;C:\Python27\Scripts;C:\Python27\gnuplot\binary;C:\Program Files (x86)\pythonxy\SciTE-3.5.1-4;C:\Program Files (x86)\pythonxy\console;C:\Users\Ming\AppData\Local\Microsoft\WindowsApps;C:\Program Files (x86)\CodeBlocks\MinGW\bin;
USERNAME=Ming
OS=Windows_NT
PROCESSOR_IDENTIFIER=Intel64 Family 6 Model 60 Stepping 3, GenuineIntel



---------------  S Y S T E M  ---------------

OS: Windows 10.0 , 64 bit Build 15063 (10.0.15063.296)

CPU:total 4 (4 cores per cpu, 1 threads per core) family 6 model 60 stepping 3, cmov, cx8, fxsr, mmx, sse, sse2, sse3, ssse3, sse4.1, sse4.2, popcnt, avx, avx2, aes, clmul, erms, lzcnt, tsc, tscinvbit, bmi1, bmi2

Memory: 4k page, physical 8286408k(611928k free), swap 8810696k(5228k free)

vm_info: OpenJDK 64-Bit Server VM (25.112-b06) for windows-amd64 JRE (1.8.0_112-release-b06), built on Dec  8 2016 00:54:26 by "builder" with MS VC++ 10.0 (VS2010)

time: Sun Jul 09 23:39:04 2017
elapsed time: 2191 seconds (0d 0h 36m 31s)

